GROUP,PACKAGE,CLASS,INSTRUCTION_MISSED,INSTRUCTION_COVERED,BRANCH_MISSED,BRANCH_COVERED,LINE_MISSED,LINE_COVERED,COMPLEXITY_MISSED,COMPLEXITY_COVERED,METHOD_MISSED,METHOD_COVERED
PruebaBCNC,com.pruebabcnc.infraestructure.entities,PriceEntity,0,59,0,0,0,25,0,17,0,17
PruebaBCNC,com.pruebabcnc.domain.model,Price,56,30,0,0,25,11,16,2,16,2
PruebaBCNC,com.pruebabcnc.infraestructure.utils,PriceMapper,0,23,0,0,0,10,0,2,0,2
PruebaBCNC,com.pruebabcnc.infraestructure.repositories,PricesRepositoryImpl,0,36,0,2,0,8,0,3,0,2
PruebaBCNC,com.pruebabcnc,PruebaBcncApplication,5,3,0,0,2,1,1,1,1,1
PruebaBCNC,com.pruebabcnc.utils,CommonUtilities,3,0,0,0,1,0,1,0,1,0
